2024-07-08T20:17:37.369Z [INFO]: CLIENT: 2024-07-08T20:17:36.541Z [INFO]: navigate
2024-07-08T20:19:23.479Z [INFO]: CLIENT: 2024-07-08T20:19:23.328Z [INFO]: Login attempt
2024-07-08T20:19:23.490Z [ERROR]: CLIENT: 2024-07-08T20:19:23.476Z [ERROR]: Login failed
2024-07-08T20:20:09.112Z [INFO]: CLIENT: 2024-07-08T20:20:09.101Z [INFO]: Login attempt
2024-07-08T20:20:09.135Z [ERROR]: CLIENT: 2024-07-08T20:20:09.122Z [ERROR]: Login failed
2024-07-08T20:20:53.185Z [INFO]: CLIENT: 2024-07-08T20:20:53.157Z [INFO]: Login attempt
2024-07-08T20:20:53.201Z [INFO]: CLIENT: 2024-07-08T20:20:53.181Z [INFO]: Login successful
2024-07-08T20:21:45.878Z [INFO]: CLIENT: 2024-07-08T20:21:45.861Z [INFO]: navigate
2024-07-08T20:29:32.862Z [INFO]: CLIENT: 2024-07-08T20:29:32.426Z [INFO]: Login attempt
2024-07-08T20:29:32.892Z [ERROR]: CLIENT: 2024-07-08T20:29:32.870Z [ERROR]: Login failed
2024-07-08T20:29:54.838Z [INFO]: CLIENT: 2024-07-08T20:29:54.826Z [INFO]: Login attempt
2024-07-08T20:29:54.849Z [ERROR]: CLIENT: 2024-07-08T20:29:54.839Z [ERROR]: Login failed
2024-07-08T20:31:22.731Z [INFO]: CLIENT: 2024-07-08T20:31:22.604Z [INFO]: Login attempt
2024-07-08T20:31:30.500Z [ERROR]: CLIENT: 2024-07-08T20:31:30.486Z [ERROR]: Login failed
2024-07-08T20:32:33.604Z [INFO]: CLIENT: 2024-07-08T20:32:33.584Z [INFO]: Login attempt
2024-07-08T20:32:37.517Z [INFO]: CLIENT: 2024-07-08T20:32:37.495Z [INFO]: Login successful
2024-07-08T20:32:55.610Z [INFO]: CLIENT: 2024-07-08T20:32:55.590Z [INFO]: Login attempt
2024-07-08T20:33:04.102Z [INFO]: CLIENT: 2024-07-08T20:33:04.088Z [INFO]: Login successful
2024-07-08T20:34:30.743Z [INFO]: CLIENT: 2024-07-08T20:34:30.611Z [INFO]: Login attempt
2024-07-08T20:34:43.294Z [INFO]: CLIENT: 2024-07-08T20:34:43.276Z [INFO]: Login successful
2024-07-08T20:35:20.289Z [INFO]: CLIENT: 2024-07-08T20:35:20.269Z [INFO]: Login attempt
2024-07-08T20:35:21.606Z [INFO]: CLIENT: 2024-07-08T20:35:21.582Z [INFO]: Login successful
2024-07-08T20:35:56.260Z [INFO]: CLIENT: 2024-07-08T20:35:56.243Z [INFO]: Login attempt
2024-07-08T20:35:57.725Z [INFO]: CLIENT: 2024-07-08T20:35:57.711Z [INFO]: Login successful
2024-07-08T20:36:01.214Z [INFO]: CLIENT: 2024-07-08T20:36:01.194Z [INFO]: navigate
2024-07-08T20:37:40.604Z [INFO]: CLIENT: 2024-07-08T20:37:40.525Z [INFO]: Login attempt
2024-07-08T20:37:43.263Z [INFO]: CLIENT: 2024-07-08T20:37:43.253Z [INFO]: Login successful
2024-07-08T20:38:21.136Z [INFO]: CLIENT: 2024-07-08T20:38:21.120Z [INFO]: Login attempt
2024-07-08T20:38:22.502Z [INFO]: CLIENT: 2024-07-08T20:38:22.492Z [INFO]: Login successful
2024-07-08T20:39:21.470Z [INFO]: CLIENT: 2024-07-08T20:39:21.464Z [INFO]: Login attempt
2024-07-08T20:39:22.612Z [INFO]: CLIENT: 2024-07-08T20:39:22.610Z [INFO]: Login successful
2024-07-08T20:39:28.897Z [INFO]: CLIENT: 2024-07-08T20:39:28.882Z [INFO]: in here
2024-07-08T20:39:28.900Z [INFO]: CLIENT: 2024-07-08T20:39:28.884Z [INFO]: in here
2024-07-08T20:40:28.391Z [INFO]: CLIENT: 2024-07-08T20:40:28.374Z [INFO]: Login attempt
2024-07-08T20:40:29.745Z [ERROR]: CLIENT: 2024-07-08T20:40:29.735Z [ERROR]: Login failed
2024-07-08T20:40:36.605Z [INFO]: CLIENT: 2024-07-08T20:40:36.597Z [INFO]: Login attempt
2024-07-08T20:40:37.857Z [INFO]: CLIENT: 2024-07-08T20:40:37.849Z [INFO]: Login successful
2024-07-08T20:42:12.251Z [INFO]: CLIENT: 2024-07-08T20:42:12.128Z [INFO]: Login attempt
2024-07-08T20:42:13.505Z [INFO]: CLIENT: 2024-07-08T20:42:13.470Z [INFO]: Login successful
2024-07-08T20:42:27.194Z [INFO]: CLIENT: 2024-07-08T20:42:27.176Z [INFO]: Login attempt
2024-07-08T20:43:54.758Z [INFO]: CLIENT: 2024-07-08T20:43:54.614Z [INFO]: Login successful
2024-07-08T20:43:55.813Z [INFO]: CLIENT: 2024-07-08T20:43:55.806Z [INFO]: Login attempt
2024-07-08T20:43:58.404Z [INFO]: CLIENT: 2024-07-08T20:43:58.381Z [INFO]: Login successful
2024-07-08T20:44:01.806Z [INFO]: CLIENT: 2024-07-08T20:44:01.785Z [INFO]: in here
2024-07-08T20:44:01.807Z [INFO]: CLIENT: 2024-07-08T20:44:01.784Z [INFO]: in here
2024-07-08T20:44:35.751Z [INFO]: CLIENT: 2024-07-08T20:44:35.731Z [INFO]: in here
2024-07-08T20:44:35.836Z [INFO]: CLIENT: 2024-07-08T20:44:35.822Z [INFO]: in here
2024-07-08T20:44:40.642Z [INFO]: CLIENT: 2024-07-08T20:44:40.634Z [INFO]: in here
2024-07-08T20:44:40.667Z [INFO]: CLIENT: 2024-07-08T20:44:40.654Z [INFO]: in here
2024-07-08T20:44:46.414Z [INFO]: CLIENT: 2024-07-08T20:44:46.405Z [INFO]: Login attempt
2024-07-08T20:44:48.749Z [INFO]: CLIENT: 2024-07-08T20:44:48.741Z [INFO]: Login successful
2024-07-08T20:44:49.975Z [INFO]: CLIENT: 2024-07-08T20:44:49.961Z [INFO]: in here
2024-07-08T20:44:49.975Z [INFO]: CLIENT: 2024-07-08T20:44:49.962Z [INFO]: in here
2024-07-08T20:45:26.922Z [INFO]: CLIENT: 2024-07-08T20:45:26.898Z [INFO]: Login attempt
2024-07-08T20:45:28.525Z [INFO]: CLIENT: 2024-07-08T20:45:28.514Z [INFO]: Login successful
2024-07-08T20:45:29.318Z [INFO]: CLIENT: 2024-07-08T20:45:29.305Z [INFO]: in here
2024-07-08T20:45:29.318Z [INFO]: CLIENT: 2024-07-08T20:45:29.307Z [INFO]: in here
2024-07-08T20:46:06.621Z [INFO]: CLIENT: 2024-07-08T20:46:06.558Z [INFO]: in here
2024-07-08T20:46:06.633Z [INFO]: CLIENT: 2024-07-08T20:46:06.612Z [INFO]: in here
2024-07-08T20:46:32.267Z [INFO]: CLIENT: 2024-07-08T20:46:32.256Z [INFO]: in here
2024-07-08T20:46:32.327Z [INFO]: CLIENT: 2024-07-08T20:46:32.264Z [INFO]: in here
2024-07-08T20:46:35.406Z [INFO]: CLIENT: 2024-07-08T20:46:35.398Z [INFO]: in here
2024-07-08T20:46:35.419Z [INFO]: CLIENT: 2024-07-08T20:46:35.410Z [INFO]: in here
2024-07-08T20:46:41.959Z [INFO]: CLIENT: 2024-07-08T20:46:41.703Z [INFO]: in here
2024-07-08T20:46:41.959Z [INFO]: CLIENT: 2024-07-08T20:46:41.696Z [INFO]: in here
2024-07-08T20:46:43.682Z [INFO]: CLIENT: 2024-07-08T20:46:43.673Z [INFO]: in here
2024-07-08T20:46:43.691Z [INFO]: CLIENT: 2024-07-08T20:46:43.683Z [INFO]: in here
2024-07-08T20:48:16.849Z [INFO]: CLIENT: 2024-07-08T20:48:16.831Z [INFO]: navigate
2024-07-08T20:48:23.096Z [INFO]: CLIENT: 2024-07-08T20:48:23.085Z [INFO]: Login attempt
2024-07-08T20:49:12.358Z [INFO]: CLIENT: 2024-07-08T20:49:12.338Z [INFO]: Login successful
2024-07-08T20:50:53.876Z [INFO]: CLIENT: 2024-07-08T20:50:53.759Z [INFO]: Login attempt
2024-07-08T20:50:53.888Z [INFO]: CLIENT: 2024-07-08T20:50:53.877Z [INFO]: Login successful
2024-07-08T20:53:03.856Z [INFO]: CLIENT: 2024-07-08T20:53:03.662Z [INFO]: navigate
2024-07-08T20:53:15.189Z [INFO]: CLIENT: 2024-07-08T20:53:15.183Z [INFO]: Login attempt
2024-07-08T20:53:19.565Z [ERROR]: CLIENT: 2024-07-08T20:53:19.550Z [ERROR]: Login failed
2024-07-08T20:53:24.655Z [INFO]: CLIENT: 2024-07-08T20:53:24.645Z [INFO]: Login attempt
2024-07-08T20:56:58.984Z [INFO]: CLIENT: 2024-07-08T20:56:58.781Z [INFO]: Login successful
2024-07-08T20:57:06.437Z [INFO]: CLIENT: 2024-07-08T20:57:06.428Z [INFO]: Login attempt
2024-07-08T20:57:07.894Z [ERROR]: CLIENT: 2024-07-08T20:57:07.882Z [ERROR]: Login failed
2024-07-08T20:57:10.762Z [INFO]: CLIENT: 2024-07-08T20:57:10.756Z [INFO]: Login attempt
2024-07-08T20:57:12.419Z [INFO]: CLIENT: 2024-07-08T20:57:12.413Z [INFO]: Login successful
2024-07-08T21:00:17.533Z [INFO]: CLIENT: 2024-07-08T21:00:16.366Z [INFO]: navigate
2024-07-08T21:00:25.795Z [INFO]: CLIENT: 2024-07-08T21:00:25.774Z [INFO]: Login attempt
2024-07-08T21:00:28.466Z [INFO]: CLIENT: 2024-07-08T21:00:28.448Z [INFO]: Login successful
2024-07-08T21:02:46.394Z [INFO]: CLIENT: 2024-07-08T21:02:46.321Z [INFO]: navigate
2024-07-08T21:03:10.144Z [INFO]: CLIENT: 2024-07-08T21:03:10.129Z [INFO]: Login attempt
2024-07-08T21:03:11.809Z [ERROR]: CLIENT: 2024-07-08T21:03:11.795Z [ERROR]: Login failed
2024-07-08T21:03:15.566Z [INFO]: CLIENT: 2024-07-08T21:03:15.553Z [INFO]: Login attempt
2024-07-08T21:03:16.679Z [ERROR]: CLIENT: 2024-07-08T21:03:16.668Z [ERROR]: Login failed
2024-07-08T21:03:22.453Z [INFO]: CLIENT: 2024-07-08T21:03:22.441Z [INFO]: Login attempt
2024-07-08T21:03:23.736Z [ERROR]: CLIENT: 2024-07-08T21:03:23.723Z [ERROR]: Login failed
2024-07-08T21:03:44.881Z [INFO]: CLIENT: 2024-07-08T21:03:44.870Z [INFO]: Login attempt
2024-07-08T21:03:46.230Z [ERROR]: CLIENT: 2024-07-08T21:03:46.225Z [ERROR]: Login failed
2024-07-08T21:04:32.180Z [INFO]: CLIENT: 2024-07-08T21:04:32.160Z [INFO]: Login attempt
2024-07-08T21:04:33.313Z [ERROR]: CLIENT: 2024-07-08T21:04:33.303Z [ERROR]: Login failed
2024-07-08T21:04:36.115Z [INFO]: CLIENT: 2024-07-08T21:04:36.103Z [INFO]: Login attempt
2024-07-08T21:04:36.133Z [ERROR]: CLIENT: 2024-07-08T21:04:36.123Z [ERROR]: Login failed
2024-07-08T21:04:47.683Z [INFO]: CLIENT: 2024-07-08T21:04:47.657Z [INFO]: Login attempt
2024-07-08T21:04:47.703Z [ERROR]: CLIENT: 2024-07-08T21:04:47.689Z [ERROR]: Login failed
2024-07-08T21:05:28.340Z [INFO]: CLIENT: 2024-07-08T21:05:28.320Z [INFO]: Login attempt
2024-07-08T21:05:28.358Z [INFO]: CLIENT: 2024-07-08T21:05:28.344Z [INFO]: Login successful
2024-07-08T21:05:41.658Z [INFO]: CLIENT: 2024-07-08T21:05:41.645Z [INFO]: navigate
2024-07-08T21:11:12.702Z [INFO]: CLIENT: 2024-07-08T21:11:12.383Z [INFO]: navigate
2024-07-08T21:11:18.789Z [INFO]: CLIENT: 2024-07-08T21:11:18.787Z [INFO]: Login attempt
2024-07-08T21:11:18.926Z [INFO]: CLIENT: 2024-07-08T21:11:18.930Z [INFO]: Login successful
2024-07-08T21:11:28.379Z [INFO]: CLIENT: 2024-07-08T21:11:28.359Z [INFO]: navigate
2024-07-08T21:11:29.967Z [INFO]: CLIENT: 2024-07-08T21:11:29.960Z [INFO]: navigate
2024-07-08T21:11:33.150Z [INFO]: CLIENT: 2024-07-08T21:11:33.147Z [INFO]: navigate
2024-07-08T21:11:48.544Z [INFO]: CLIENT: 2024-07-08T21:11:48.441Z [INFO]: Login attempt
2024-07-08T21:11:48.564Z [INFO]: CLIENT: 2024-07-08T21:11:48.574Z [INFO]: Login successful
